============================================================
  Generated by:           Genus(TM) Synthesis Solution 21.15-s080_1
  Generated on:           Dec 11 2025  03:32:26 pm
  Module:                 top
  Operating conditions:   tt0p9v25c 
  Interconnect mode:      global
  Area mode:              physical library
============================================================

                Instance                                      Module                        Cell Count  Cell Area   Net Area   Total Area 
------------------------------------------------------------------------------------------------------------------------------------------
top                                                                                             236074 400408.382 111354.958   511763.340 
  fp                                    attn_top_4x4_128_mha4_READ_LAT2                         202822 250094.124  96211.575   346305.699 
    GEN_SOFTMAX[1].U_SM                 softmax_1                                                40549  50055.642  19339.005    69394.647 
      GEN_DIV[0].div_u                  divider_20                                                1056   1306.872    466.004     1772.876 
      GEN_DIV[1].div_u                  divider_21                                                1055   1308.762    467.265     1776.027 
      GEN_DIV[2].div_u                  divider_22                                                1055   1308.762    467.265     1776.027 
      GEN_DIV[3].div_u                  divider_23                                                1055   1308.762    467.265     1776.027 
      GEN_EXP[0].exp_u                  exponential_4                                             8622  10461.402   4173.172    14634.574 
        A1                              adder_21                                                   924   1088.136    402.275     1490.411 
        A2                              adder_22                                                   955   1186.542    411.861     1598.403 
        A3                              adder_23                                                   956   1186.794    413.122     1599.916 
        Dm                              multiplier_27                                             1618   1925.028    828.883     2753.911 
        Mc                              multiplier_26                                             1662   2008.188    847.860     2856.048 
        Ms                              multiplier_24                                             1662   2008.188    847.860     2856.048 
        Msh                             multiplier_25                                              716    855.288    311.704     1166.992 
      GEN_EXP[1].exp_u                  exponential_5                                             8627  10468.458   4172.810    14641.268 
        A1                              adder_24                                                   929   1095.192    401.913     1497.105 
        A2                              adder_25                                                   955   1186.542    411.861     1598.403 
        A3                              adder_26                                                   956   1186.794    413.122     1599.916 
        Dm                              multiplier_31                                             1618   1925.028    828.883     2753.911 
        Mc                              multiplier_30                                             1662   2008.188    847.860     2856.048 
        Ms                              multiplier_28                                             1662   2008.188    847.860     2856.048 
        Msh                             multiplier_29                                              716    855.288    311.704     1166.992 
      GEN_EXP[2].exp_u                  exponential_6                                             8641  10480.050   4180.306    14660.356 
        A1                              adder_27                                                   932   1094.688    402.670     1497.358 
        A2                              adder_28                                                   961   1192.716    415.483     1608.199 
        A3                              adder_29                                                   961   1192.716    416.240     1608.956 
        Dm                              multiplier_35                                             1618   1925.028    828.883     2753.911 
        Mc                              multiplier_34                                             1662   2008.188    847.860     2856.048 
        Ms                              multiplier_32                                             1662   2008.188    847.860     2856.048 
        Msh                             multiplier_33                                              716    855.288    311.704     1166.992 
      GEN_EXP[3].exp_u                  exponential_7                                             8642  10480.680   4179.692    14660.372 
        A1                              adder_30                                                   933   1095.318    402.055     1497.373 
        A2                              adder_31                                                   961   1192.716    415.483     1608.199 
        A3                              adder_32                                                   961   1192.716    416.240     1608.956 
        Dm                              multiplier_39                                             1618   1925.028    828.883     2753.911 
        Mc                              multiplier_38                                             1662   2008.188    847.860     2856.048 
        Ms                              multiplier_36                                             1662   2008.188    847.860     2856.048 
        Msh                             multiplier_37                                              716    855.288    311.704     1166.992 
      add_u                             adder_33                                                   976   1190.700    419.086     1609.786 
    U_GEMM32                            gemm_4x4_4x32_stream_READ_LAT2_MEM_WAIT3_V_BASE0         11849  14494.158   5634.739    20128.897 
      GEN_ADD[0].ADD_U                  adder                                                      973   1189.188    417.941     1607.129 
      GEN_ADD[1].ADD_U                  adder_18                                                   967   1186.164    418.782     1604.946 
      GEN_ADD[2].ADD_U                  adder_19                                                   967   1186.164    418.782     1604.946 
      GEN_ADD[3].ADD_U                  adder_17                                                   967   1186.164    418.782     1604.946 
      GEN_MUL[0].MUL_U                  multiplier                                                1674   2032.002    852.000     2884.002 
      GEN_MUL[1].MUL_U                  multiplier_21                                             1674   2032.002    852.000     2884.002 
      GEN_MUL[2].MUL_U                  multiplier_22                                             1674   2032.002    852.000     2884.002 
      GEN_MUL[3].MUL_U                  multiplier_20                                             1674   2032.002    852.000     2884.002 
    GEN_SOFTMAX[2].U_SM                 softmax_2                                                40421  49556.682  19307.079    68863.761 
      GEN_DIV[0].div_u                  divider_24                                                1056   1306.872    466.004     1772.876 
      GEN_DIV[1].div_u                  divider_25                                                1055   1308.762    467.265     1776.027 
      GEN_DIV[2].div_u                  divider_26                                                1055   1308.762    467.265     1776.027 
      GEN_DIV[3].div_u                  divider_27                                                1055   1308.762    467.265     1776.027 
      GEN_EXP[0].exp_u                  exponential_8                                             8622  10461.402   4173.172    14634.574 
        A1                              adder_34                                                   924   1088.136    402.275     1490.411 
        A2                              adder_35                                                   955   1186.542    411.861     1598.403 
        A3                              adder_36                                                   956   1186.794    413.122     1599.916 
        Dm                              multiplier_43                                             1618   1925.028    828.883     2753.911 
        Mc                              multiplier_42                                             1662   2008.188    847.860     2856.048 
        Ms                              multiplier_40                                             1662   2008.188    847.860     2856.048 
        Msh                             multiplier_41                                              716    855.288    311.704     1166.992 
      GEN_EXP[1].exp_u                  exponential_9                                             8627  10468.458   4172.810    14641.268 
        A1                              adder_37                                                   929   1095.192    401.913     1497.105 
        A2                              adder_38                                                   955   1186.542    411.861     1598.403 
        A3                              adder_39                                                   956   1186.794    413.122     1599.916 
        Dm                              multiplier_47                                             1618   1925.028    828.883     2753.911 
        Mc                              multiplier_46                                             1662   2008.188    847.860     2856.048 
        Ms                              multiplier_44                                             1662   2008.188    847.860     2856.048 
        Msh                             multiplier_45                                              716    855.288    311.704     1166.992 
      GEN_EXP[2].exp_u                  exponential_10                                            8641  10480.050   4180.306    14660.356 
        A1                              adder_40                                                   932   1094.688    402.670     1497.358 
        A2                              adder_41                                                   961   1192.716    415.483     1608.199 
        A3                              adder_42                                                   961   1192.716    416.240     1608.956 
        Dm                              multiplier_51                                             1618   1925.028    828.883     2753.911 
        Mc                              multiplier_50                                             1662   2008.188    847.860     2856.048 
        Ms                              multiplier_48                                             1662   2008.188    847.860     2856.048 
        Msh                             multiplier_49                                              716    855.288    311.704     1166.992 
      GEN_EXP[3].exp_u                  exponential_11                                            8642  10480.806   4179.692    14660.498 
        A1                              adder_43                                                   933   1095.318    402.055     1497.373 
        A2                              adder_44                                                   961   1192.716    415.483     1608.199 
        A3                              adder_45                                                   961   1192.842    416.240     1609.082 
        Dm                              multiplier_55                                             1618   1925.028    828.883     2753.911 
        Mc                              multiplier_54                                             1662   2008.188    847.860     2856.048 
        Ms                              multiplier_52                                             1662   2008.188    847.860     2856.048 
        Msh                             multiplier_53                                              716    855.288    311.704     1166.992 
      add_u                             adder_46                                                   976   1191.078    419.448     1610.526 
    U_SCORE                             score_calculation_4x128_regfile_mha4                     11995  15659.028   5494.028    21153.056 
      A01                               adder_20                                                   961   1186.794    413.704     1600.498 
      A23                               adder_1                                                    961   1186.794    413.704     1600.498 
      AACC                              adder_3                                                    967   1186.164    418.782     1604.946 
      AF                                adder_2                                                    961   1186.794    413.704     1600.498 
      M0                                multiplier_23                                             1679   2036.160    853.261     2889.421 
      M1                                multiplier_1                                              1679   2036.160    853.261     2889.421 
      M2                                multiplier_2                                              1679   2036.160    853.261     2889.421 
      M3                                multiplier_3                                              1679   2036.160    853.261     2889.421 
    U_SCALE                             scale                                                    16255  19581.408   7200.472    26781.880 
      genblk1[0].fp32_div               divider                                                   1019   1224.468    448.883     1673.351 
      genblk1[1].fp32_div               divider_1                                                 1015   1222.956    448.612     1671.568 
      genblk1[2].fp32_div               divider_2                                                 1015   1222.956    448.612     1671.568 
      genblk1[3].fp32_div               divider_3                                                 1015   1222.956    448.612     1671.568 
      genblk1[4].fp32_div               divider_4                                                 1015   1222.956    448.612     1671.568 
      genblk1[5].fp32_div               divider_5                                                 1015   1222.956    448.612     1671.568 
      genblk1[6].fp32_div               divider_6                                                 1015   1222.956    448.612     1671.568 
      genblk1[7].fp32_div               divider_7                                                 1015   1222.956    448.612     1671.568 
      genblk1[8].fp32_div               divider_8                                                 1015   1222.956    448.612     1671.568 
      genblk1[9].fp32_div               divider_9                                                 1015   1222.956    448.612     1671.568 
      genblk1[10].fp32_div              divider_10                                                1015   1222.956    448.612     1671.568 
      genblk1[11].fp32_div              divider_11                                                1015   1222.956    448.612     1671.568 
      genblk1[12].fp32_div              divider_12                                                1015   1222.956    448.612     1671.568 
      genblk1[13].fp32_div              divider_13                                                1015   1222.956    448.612     1671.568 
      genblk1[14].fp32_div              divider_14                                                1015   1222.956    448.612     1671.568 
      genblk1[15].fp32_div              divider_15                                                1015   1222.956    448.612     1671.568 
    GEN_SOFTMAX[0].U_SM                 softmax                                                  40549  50055.642  19339.005    69394.647 
      GEN_DIV[0].div_u                  divider_31                                                1056   1306.872    466.004     1772.876 
      GEN_DIV[1].div_u                  divider_17                                                1055   1308.762    467.265     1776.027 
      GEN_DIV[2].div_u                  divider_18                                                1055   1308.762    467.265     1776.027 
      GEN_DIV[3].div_u                  divider_19                                                1055   1308.762    467.265     1776.027 
      GEN_EXP[0].exp_u                  exponential                                               8622  10461.402   4173.172    14634.574 
        A1                              adder_7                                                    924   1088.136    402.275     1490.411 
        A2                              adder_16                                                   955   1186.542    411.861     1598.403 
        A3                              adder_5                                                    956   1186.794    413.122     1599.916 
        Dm                              multiplier_7                                              1618   1925.028    828.883     2753.911 
        Mc                              multiplier_6                                              1662   2008.188    847.860     2856.048 
        Ms                              multiplier_8                                              1662   2008.188    847.860     2856.048 
        Msh                             multiplier_5                                               716    855.288    311.704     1166.992 
      GEN_EXP[1].exp_u                  exponential_1                                             8627  10468.458   4172.810    14641.268 
        A1                              adder_4                                                    929   1095.192    401.913     1497.105 
        A2                              adder_6                                                    955   1186.542    411.861     1598.403 
        A3                              adder_9                                                    956   1186.794    413.122     1599.916 
        Dm                              multiplier_11                                             1618   1925.028    828.883     2753.911 
        Mc                              multiplier_10                                             1662   2008.188    847.860     2856.048 
        Ms                              multiplier_4                                              1662   2008.188    847.860     2856.048 
        Msh                             multiplier_9                                               716    855.288    311.704     1166.992 
      GEN_EXP[2].exp_u                  exponential_2                                             8641  10480.050   4180.306    14660.356 
        A1                              adder_10                                                   932   1094.688    402.670     1497.358 
        A2                              adder_11                                                   961   1192.716    415.483     1608.199 
        A3                              adder_12                                                   961   1192.716    416.240     1608.956 
        Dm                              multiplier_15                                             1618   1925.028    828.883     2753.911 
        Mc                              multiplier_14                                             1662   2008.188    847.860     2856.048 
        Ms                              multiplier_12                                             1662   2008.188    847.860     2856.048 
        Msh                             multiplier_13                                              716    855.288    311.704     1166.992 
      GEN_EXP[3].exp_u                  exponential_3                                             8642  10480.680   4179.692    14660.372 
        A1                              adder_13                                                   933   1095.318    402.055     1497.373 
        A2                              adder_14                                                   961   1192.716    415.483     1608.199 
        A3                              adder_15                                                   961   1192.716    416.240     1608.956 
        Dm                              multiplier_19                                             1618   1925.028    828.883     2753.911 
        Mc                              multiplier_18                                             1662   2008.188    847.860     2856.048 
        Ms                              multiplier_16                                             1662   2008.188    847.860     2856.048 
        Msh                             multiplier_17                                              716    855.288    311.704     1166.992 
      add_u                             adder_8                                                    976   1190.700    419.086     1609.786 
    GEN_SOFTMAX[3].U_SM                 softmax_3                                                40575  50066.856  19345.673    69412.529 
      GEN_DIV[0].div_u                  divider_28                                                1056   1306.872    466.004     1772.876 
      GEN_DIV[1].div_u                  divider_29                                                1057   1309.770    467.647     1777.417 
      GEN_DIV[2].div_u                  divider_30                                                1057   1309.770    467.647     1777.417 
      GEN_DIV[3].div_u                  divider_16                                                1057   1309.770    467.647     1777.417 
      GEN_EXP[0].exp_u                  exponential_12                                            8626  10462.410   4174.181    14636.591 
        A1                              adder_47                                                   924   1088.136    402.275     1490.411 
        A2                              adder_48                                                   955   1186.542    411.861     1598.403 
        A3                              adder_49                                                   956   1186.794    413.122     1599.916 
        Dm                              multiplier_59                                             1619   1925.280    829.135     2754.415 
        Mc                              multiplier_58                                             1663   2008.440    848.112     2856.552 
        Ms                              multiplier_56                                             1663   2008.440    848.112     2856.552 
        Msh                             multiplier_57                                              717    855.540    311.957     1167.497 
      GEN_EXP[1].exp_u                  exponential_13                                            8631  10469.466   4173.819    14643.285 
        A1                              adder_50                                                   929   1095.192    401.913     1497.105 
        A2                              adder_51                                                   955   1186.542    411.861     1598.403 
        A3                              adder_52                                                   956   1186.794    413.122     1599.916 
        Dm                              multiplier_63                                             1619   1925.280    829.135     2754.415 
        Mc                              multiplier_62                                             1663   2008.440    848.112     2856.552 
        Ms                              multiplier_60                                             1663   2008.440    848.112     2856.552 
        Msh                             multiplier_61                                              717    855.540    311.957     1167.497 
      GEN_EXP[2].exp_u                  exponential_14                                            8645  10481.058   4181.315    14662.373 
        A1                              adder_53                                                   932   1094.688    402.670     1497.358 
        A2                              adder_54                                                   961   1192.716    415.483     1608.199 
        A3                              adder_55                                                   961   1192.716    416.240     1608.956 
        Dm                              multiplier_67                                             1619   1925.280    829.135     2754.415 
        Mc                              multiplier_66                                             1663   2008.440    848.112     2856.552 
        Ms                              multiplier_64                                             1663   2008.440    848.112     2856.552 
        Msh                             multiplier_65                                              717    855.540    311.957     1167.497 
      GEN_EXP[3].exp_u                  exponential_15                                            8651  10485.342   4181.211    14666.553 
        A1                              adder_56                                                   925   1095.192    397.812     1493.004 
        A2                              adder_57                                                   961   1192.716    415.483     1608.199 
        A3                              adder_58                                                   974   1196.496    420.994     1617.490 
        Dm                              multiplier_71                                             1619   1925.280    829.135     2754.415 
        Mc                              multiplier_70                                             1663   2008.440    848.112     2856.552 
        Ms                              multiplier_68                                             1663   2008.440    848.112     2856.552 
        Msh                             multiplier_69                                              717    855.540    311.957     1167.497 
      add_u                             adder_59                                                   974   1190.322    419.195     1609.517 
  kut                                   QKV_Projection_B2                                        11042  12410.496   4796.102    17206.598 
    SYS_ARRAY                           Black_Box_N4_DATA_WIDTH8_ACC_WIDTH32_DEPTH7_COUNT7        5194   7373.394   2071.923     9445.317 
      cut                               counter_count7                                              15     17.388      4.262       21.650 
      cut1                              cap_count11                                                 18     21.546      4.269       25.815 
      dut                               SystolicArray_N4_DATA_WIDTH8_ACC_WIDTH32                  3884   5201.154   1588.009     6789.163 
        row_loop[0].col_loop[0].pe_inst PE_DATA_WIDTH8_ACC_WIDTH32                                 246    331.884     86.464      418.348 
        row_loop[0].col_loop[1].pe_inst PE_DATA_WIDTH8_ACC_WIDTH32_17                              246    331.884     86.587      418.471 
        row_loop[0].col_loop[2].pe_inst PE_DATA_WIDTH8_ACC_WIDTH32_18                              246    331.884     86.587      418.471 
        row_loop[0].col_loop[3].pe_inst PE_DATA_WIDTH8_ACC_WIDTH32_19                              238    313.740     86.587      400.327 
        row_loop[1].col_loop[0].pe_inst PE_DATA_WIDTH8_ACC_WIDTH32_20                              246    331.884     86.587      418.471 
        row_loop[1].col_loop[1].pe_inst PE_DATA_WIDTH8_ACC_WIDTH32_21                              246    331.884     86.587      418.471 
        row_loop[1].col_loop[2].pe_inst PE_DATA_WIDTH8_ACC_WIDTH32_22                              246    331.884     86.587      418.471 
        row_loop[1].col_loop[3].pe_inst PE_DATA_WIDTH8_ACC_WIDTH32_23                              238    313.740     86.587      400.327 
        row_loop[2].col_loop[0].pe_inst PE_DATA_WIDTH8_ACC_WIDTH32_24                              246    331.884     86.587      418.471 
        row_loop[2].col_loop[1].pe_inst PE_DATA_WIDTH8_ACC_WIDTH32_25                              246    331.884     86.587      418.471 
        row_loop[2].col_loop[2].pe_inst PE_DATA_WIDTH8_ACC_WIDTH32_26                              246    331.884     86.587      418.471 
        row_loop[2].col_loop[3].pe_inst PE_DATA_WIDTH8_ACC_WIDTH32_27                              238    313.740     86.587      400.327 
        row_loop[3].col_loop[0].pe_inst PE_DATA_WIDTH8_ACC_WIDTH32_28                              238    313.740     86.587      400.327 
        row_loop[3].col_loop[1].pe_inst PE_DATA_WIDTH8_ACC_WIDTH32_29                              238    313.740     86.587      400.327 
        row_loop[3].col_loop[2].pe_inst PE_DATA_WIDTH8_ACC_WIDTH32_30                              238    313.740     86.587      400.327 
        row_loop[3].col_loop[3].pe_inst PE_DATA_WIDTH8_ACC_WIDTH32_16                              228    293.454     86.334      379.788 
      fut1                              fifo_in1_DATA_WIDTH8_DEPTH7                                 92    117.306     28.065      145.371 
      fut2                              fifo_in1_DATA_WIDTH8_DEPTH7_2                               92    117.306     28.065      145.371 
      fut3                              fifo_in2_DATA_WIDTH8_DEPTH7                                 92    119.196     27.935      147.131 
      fut4                              fifo_in2_DATA_WIDTH8_DEPTH7_2                               92    119.196     27.935      147.131 
      fut5                              fifo_in3_DATA_WIDTH8_DEPTH7                                 93    118.314     28.065      146.379 
      fut6                              fifo_in3_DATA_WIDTH8_DEPTH7_2                               93    118.314     28.065      146.379 
      fut7                              fifo_in4_DATA_WIDTH8_DEPTH7                                102    123.354     31.441      154.795 
      fut8                              fifo_in4_DATA_WIDTH8_DEPTH7_2                              102    123.354     31.441      154.795 
      out1                              outputfifo                                                 514   1169.406      0.000     1169.406 
    genblk1[0].i_to_f                   int32_to_fp32_scaled_FRAC_OUT14                            301    218.862    123.616      342.478 
    genblk1[1].i_to_f                   int32_to_fp32_scaled_FRAC_OUT14_17                         301    218.862    123.616      342.478 
    genblk1[2].i_to_f                   int32_to_fp32_scaled_FRAC_OUT14_18                         301    218.862    123.616      342.478 
    genblk1[3].i_to_f                   int32_to_fp32_scaled_FRAC_OUT14_19                         301    218.862    123.616      342.478 
    genblk1[4].i_to_f                   int32_to_fp32_scaled_FRAC_OUT14_20                         301    218.862    123.616      342.478 
    genblk1[5].i_to_f                   int32_to_fp32_scaled_FRAC_OUT14_21                         301    218.862    123.616      342.478 
    genblk1[6].i_to_f                   int32_to_fp32_scaled_FRAC_OUT14_22                         301    218.862    123.616      342.478 
    genblk1[7].i_to_f                   int32_to_fp32_scaled_FRAC_OUT14_23                         301    218.862    123.616      342.478 
    genblk1[8].i_to_f                   int32_to_fp32_scaled_FRAC_OUT14_24                         301    218.862    123.616      342.478 
    genblk1[9].i_to_f                   int32_to_fp32_scaled_FRAC_OUT14_25                         301    218.862    123.616      342.478 
    genblk1[10].i_to_f                  int32_to_fp32_scaled_FRAC_OUT14_26                         301    218.862    123.616      342.478 
    genblk1[11].i_to_f                  int32_to_fp32_scaled_FRAC_OUT14_27                         301    218.862    123.616      342.478 
    genblk1[12].i_to_f                  int32_to_fp32_scaled_FRAC_OUT14_28                         301    218.862    123.616      342.478 
    genblk1[13].i_to_f                  int32_to_fp32_scaled_FRAC_OUT14_29                         301    218.862    123.616      342.478 
    genblk1[14].i_to_f                  int32_to_fp32_scaled_FRAC_OUT14_30                         301    218.862    123.616      342.478 
    genblk1[15].i_to_f                  int32_to_fp32_scaled_FRAC_OUT14_16                         301    218.862    123.616      342.478 
  qut                                   QKV_Projection_B1                                        11058  12433.932   4799.873    17233.805 
    SYS_ARRAY                           Black_Box_N4_DATA_WIDTH8_ACC_WIDTH32_DEPTH7_COUNT7        5194   7373.394   2071.923     9445.317 
      cut                               counter_count7_1                                            15     17.388      4.262       21.650 
      cut1                              cap_count11_1                                               18     21.546      4.269       25.815 
      dut                               SystolicArray_N4_DATA_WIDTH8_ACC_WIDTH32_1                3884   5201.154   1588.009     6789.163 
        row_loop[0].col_loop[0].pe_inst PE_DATA_WIDTH8_ACC_WIDTH32_31                              246    331.884     86.464      418.348 
        row_loop[0].col_loop[1].pe_inst PE_DATA_WIDTH8_ACC_WIDTH32_1                               246    331.884     86.587      418.471 
        row_loop[0].col_loop[2].pe_inst PE_DATA_WIDTH8_ACC_WIDTH32_2                               246    331.884     86.587      418.471 
        row_loop[0].col_loop[3].pe_inst PE_DATA_WIDTH8_ACC_WIDTH32_3                               238    313.740     86.587      400.327 
        row_loop[1].col_loop[0].pe_inst PE_DATA_WIDTH8_ACC_WIDTH32_4                               246    331.884     86.587      418.471 
        row_loop[1].col_loop[1].pe_inst PE_DATA_WIDTH8_ACC_WIDTH32_5                               246    331.884     86.587      418.471 
        row_loop[1].col_loop[2].pe_inst PE_DATA_WIDTH8_ACC_WIDTH32_6                               246    331.884     86.587      418.471 
        row_loop[1].col_loop[3].pe_inst PE_DATA_WIDTH8_ACC_WIDTH32_7                               238    313.740     86.587      400.327 
        row_loop[2].col_loop[0].pe_inst PE_DATA_WIDTH8_ACC_WIDTH32_8                               246    331.884     86.587      418.471 
        row_loop[2].col_loop[1].pe_inst PE_DATA_WIDTH8_ACC_WIDTH32_9                               246    331.884     86.587      418.471 
        row_loop[2].col_loop[2].pe_inst PE_DATA_WIDTH8_ACC_WIDTH32_10                              246    331.884     86.587      418.471 
        row_loop[2].col_loop[3].pe_inst PE_DATA_WIDTH8_ACC_WIDTH32_11                              238    313.740     86.587      400.327 
        row_loop[3].col_loop[0].pe_inst PE_DATA_WIDTH8_ACC_WIDTH32_12                              238    313.740     86.587      400.327 
        row_loop[3].col_loop[1].pe_inst PE_DATA_WIDTH8_ACC_WIDTH32_13                              238    313.740     86.587      400.327 
        row_loop[3].col_loop[2].pe_inst PE_DATA_WIDTH8_ACC_WIDTH32_14                              238    313.740     86.587      400.327 
        row_loop[3].col_loop[3].pe_inst PE_DATA_WIDTH8_ACC_WIDTH32_15                              228    293.454     86.334      379.788 
      fut1                              fifo_in1_DATA_WIDTH8_DEPTH7_3                               92    117.306     28.065      145.371 
      fut2                              fifo_in1_DATA_WIDTH8_DEPTH7_1                               92    117.306     28.065      145.371 
      fut3                              fifo_in2_DATA_WIDTH8_DEPTH7_3                               92    119.196     27.935      147.131 
      fut4                              fifo_in2_DATA_WIDTH8_DEPTH7_1                               92    119.196     27.935      147.131 
      fut5                              fifo_in3_DATA_WIDTH8_DEPTH7_3                               93    118.314     28.065      146.379 
      fut6                              fifo_in3_DATA_WIDTH8_DEPTH7_1                               93    118.314     28.065      146.379 
      fut7                              fifo_in4_DATA_WIDTH8_DEPTH7_3                              102    123.354     31.441      154.795 
      fut8                              fifo_in4_DATA_WIDTH8_DEPTH7_1                              102    123.354     31.441      154.795 
      out1                              outputfifo_1                                               514   1169.406      0.000     1169.406 
    genblk1[0].i_to_f                   int32_to_fp32_scaled_FRAC_OUT14_31                         301    218.862    123.616      342.478 
    genblk1[1].i_to_f                   int32_to_fp32_scaled_FRAC_OUT14_1                          301    218.862    123.616      342.478 
    genblk1[2].i_to_f                   int32_to_fp32_scaled_FRAC_OUT14_2                          301    218.862    123.616      342.478 
    genblk1[3].i_to_f                   int32_to_fp32_scaled_FRAC_OUT14_3                          301    218.862    123.616      342.478 
    genblk1[4].i_to_f                   int32_to_fp32_scaled_FRAC_OUT14_4                          301    218.862    123.616      342.478 
    genblk1[5].i_to_f                   int32_to_fp32_scaled_FRAC_OUT14_5                          301    218.862    123.616      342.478 
    genblk1[6].i_to_f                   int32_to_fp32_scaled_FRAC_OUT14_6                          301    218.862    123.616      342.478 
    genblk1[7].i_to_f                   int32_to_fp32_scaled_FRAC_OUT14_7                          301    218.862    123.616      342.478 
    genblk1[8].i_to_f                   int32_to_fp32_scaled_FRAC_OUT14_8                          301    218.862    123.616      342.478 
    genblk1[9].i_to_f                   int32_to_fp32_scaled_FRAC_OUT14_9                          301    218.862    123.616      342.478 
    genblk1[10].i_to_f                  int32_to_fp32_scaled_FRAC_OUT14_10                         301    218.862    123.616      342.478 
    genblk1[11].i_to_f                  int32_to_fp32_scaled_FRAC_OUT14_11                         301    218.862    123.616      342.478 
    genblk1[12].i_to_f                  int32_to_fp32_scaled_FRAC_OUT14_12                         301    218.862    123.616      342.478 
    genblk1[13].i_to_f                  int32_to_fp32_scaled_FRAC_OUT14_13                         301    218.862    123.616      342.478 
    genblk1[14].i_to_f                  int32_to_fp32_scaled_FRAC_OUT14_14                         301    218.862    123.616      342.478 
    genblk1[15].i_to_f                  int32_to_fp32_scaled_FRAC_OUT14_15                         301    218.862    123.616      342.478 
  vut                                   QKV_Projection_B3                                        11043  12410.622   4796.354    17206.976 
    SYS_ARRAY                           Black_Box_N4_DATA_WIDTH8_ACC_WIDTH32_DEPTH7_COUNT7        5194   7373.394   2071.923     9445.317 
      cut                               counter_count7_2                                            15     17.388      4.262       21.650 
      cut1                              cap_count11_2                                               18     21.546      4.269       25.815 
      dut                               SystolicArray_N4_DATA_WIDTH8_ACC_WIDTH32_2                3884   5201.154   1588.009     6789.163 
        row_loop[0].col_loop[0].pe_inst PE_DATA_WIDTH8_ACC_WIDTH32_32                              246    331.884     86.464      418.348 
        row_loop[0].col_loop[1].pe_inst PE_DATA_WIDTH8_ACC_WIDTH32_33                              246    331.884     86.587      418.471 
        row_loop[0].col_loop[2].pe_inst PE_DATA_WIDTH8_ACC_WIDTH32_34                              246    331.884     86.587      418.471 
        row_loop[0].col_loop[3].pe_inst PE_DATA_WIDTH8_ACC_WIDTH32_35                              238    313.740     86.587      400.327 
        row_loop[1].col_loop[0].pe_inst PE_DATA_WIDTH8_ACC_WIDTH32_36                              246    331.884     86.587      418.471 
        row_loop[1].col_loop[1].pe_inst PE_DATA_WIDTH8_ACC_WIDTH32_37                              246    331.884     86.587      418.471 
        row_loop[1].col_loop[2].pe_inst PE_DATA_WIDTH8_ACC_WIDTH32_38                              246    331.884     86.587      418.471 
        row_loop[1].col_loop[3].pe_inst PE_DATA_WIDTH8_ACC_WIDTH32_39                              238    313.740     86.587      400.327 
        row_loop[2].col_loop[0].pe_inst PE_DATA_WIDTH8_ACC_WIDTH32_40                              246    331.884     86.587      418.471 
        row_loop[2].col_loop[1].pe_inst PE_DATA_WIDTH8_ACC_WIDTH32_41                              246    331.884     86.587      418.471 
        row_loop[2].col_loop[2].pe_inst PE_DATA_WIDTH8_ACC_WIDTH32_42                              246    331.884     86.587      418.471 
        row_loop[2].col_loop[3].pe_inst PE_DATA_WIDTH8_ACC_WIDTH32_43                              238    313.740     86.587      400.327 
        row_loop[3].col_loop[0].pe_inst PE_DATA_WIDTH8_ACC_WIDTH32_44                              238    313.740     86.587      400.327 
        row_loop[3].col_loop[1].pe_inst PE_DATA_WIDTH8_ACC_WIDTH32_45                              238    313.740     86.587      400.327 
        row_loop[3].col_loop[2].pe_inst PE_DATA_WIDTH8_ACC_WIDTH32_46                              238    313.740     86.587      400.327 
        row_loop[3].col_loop[3].pe_inst PE_DATA_WIDTH8_ACC_WIDTH32_47                              228    293.454     86.334      379.788 
      fut1                              fifo_in1_DATA_WIDTH8_DEPTH7_4                               92    117.306     28.065      145.371 
      fut2                              fifo_in1_DATA_WIDTH8_DEPTH7_5                               92    117.306     28.065      145.371 
      fut3                              fifo_in2_DATA_WIDTH8_DEPTH7_4                               92    119.196     27.935      147.131 
      fut4                              fifo_in2_DATA_WIDTH8_DEPTH7_5                               92    119.196     27.935      147.131 
      fut5                              fifo_in3_DATA_WIDTH8_DEPTH7_4                               93    118.314     28.065      146.379 
      fut6                              fifo_in3_DATA_WIDTH8_DEPTH7_5                               93    118.314     28.065      146.379 
      fut7                              fifo_in4_DATA_WIDTH8_DEPTH7_4                              102    123.354     31.441      154.795 
      fut8                              fifo_in4_DATA_WIDTH8_DEPTH7_5                              102    123.354     31.441      154.795 
      out1                              outputfifo_2                                               514   1169.406      0.000     1169.406 
    genblk1[0].i_to_f                   int32_to_fp32_scaled_FRAC_OUT14_32                         301    218.862    123.616      342.478 
    genblk1[1].i_to_f                   int32_to_fp32_scaled_FRAC_OUT14_33                         301    218.862    123.616      342.478 
    genblk1[2].i_to_f                   int32_to_fp32_scaled_FRAC_OUT14_34                         301    218.862    123.616      342.478 
    genblk1[3].i_to_f                   int32_to_fp32_scaled_FRAC_OUT14_35                         301    218.862    123.616      342.478 
    genblk1[4].i_to_f                   int32_to_fp32_scaled_FRAC_OUT14_36                         301    218.862    123.616      342.478 
    genblk1[5].i_to_f                   int32_to_fp32_scaled_FRAC_OUT14_37                         301    218.862    123.616      342.478 
    genblk1[6].i_to_f                   int32_to_fp32_scaled_FRAC_OUT14_38                         301    218.862    123.616      342.478 
    genblk1[7].i_to_f                   int32_to_fp32_scaled_FRAC_OUT14_39                         301    218.862    123.616      342.478 
    genblk1[8].i_to_f                   int32_to_fp32_scaled_FRAC_OUT14_40                         301    218.862    123.616      342.478 
    genblk1[9].i_to_f                   int32_to_fp32_scaled_FRAC_OUT14_41                         301    218.862    123.616      342.478 
    genblk1[10].i_to_f                  int32_to_fp32_scaled_FRAC_OUT14_42                         301    218.862    123.616      342.478 
    genblk1[11].i_to_f                  int32_to_fp32_scaled_FRAC_OUT14_43                         301    218.862    123.616      342.478 
    genblk1[12].i_to_f                  int32_to_fp32_scaled_FRAC_OUT14_44                         301    218.862    123.616      342.478 
    genblk1[13].i_to_f                  int32_to_fp32_scaled_FRAC_OUT14_45                         301    218.862    123.616      342.478 
    genblk1[14].i_to_f                  int32_to_fp32_scaled_FRAC_OUT14_46                         301    218.862    123.616      342.478 
    genblk1[15].i_to_f                  int32_to_fp32_scaled_FRAC_OUT14_47                         301    218.862    123.616      342.478 
