============================================================
  Generated by:           Genus(TM) Synthesis Solution 21.15-s080_1
  Generated on:           Dec 11 2025  03:32:25 pm
  Module:                 top
  Operating conditions:   tt0p9v25c 
  Interconnect mode:      global
  Area mode:              physical library
============================================================


Path 1: MET (8189 ps) Setup Check with Pin fp/GEN_SOFTMAX[3].U_SM/GEN_EXP[3].exp_u/Ms/product_reg[48]/CP->D
          Group: clk
     Startpoint: (R) fp/GEN_SOFTMAX[3].U_SM/GEN_EXP[3].exp_u/Ms/a_m_reg[1]/CP
          Clock: (R) clk
       Endpoint: (R) fp/GEN_SOFTMAX[3].U_SM/GEN_EXP[3].exp_u/Ms/product_reg[48]/D
          Clock: (R) clk

                     Capture       Launch     
        Clock Edge:+   10000            0     
       Src Latency:+       0            0     
       Net Latency:+       0 (I)        0 (I) 
           Arrival:=   10000            0     
                                              
             Setup:-      16                  
       Uncertainty:-      30                  
     Required Time:=    9954                  
      Launch Clock:-       0                  
         Data Path:-    1765                  
             Slack:=    8189                  

#-------------------------------------------------------------------------------------------------------------------------------------------------------
#                             Timing Point                              Flags    Arc   Edge       Cell         Fanout Load Trans Delay Arrival Instance 
#                                                                                                                     (fF)  (ps)  (ps)   (ps)  Location 
#-------------------------------------------------------------------------------------------------------------------------------------------------------
  fp/GEN_SOFTMAX[3].U_SM/GEN_EXP[3].exp_u/Ms/a_m_reg[1]/CP              -       -      R     (arrival)             23    -     0     0       0    (-,-) 
  fp/GEN_SOFTMAX[3].U_SM/GEN_EXP[3].exp_u/Ms/a_m_reg[1]/Q               -       CP->Q  F     DFKCND1BWP30P140      28 28.4   112   107     107    (-,-) 
  fp/GEN_SOFTMAX[3].U_SM/GEN_EXP[3].exp_u/Ms/mul_183_24_g9915/CO        -       B->CO  F     HA1D1BWP30P140         1  2.0    14    36     144    (-,-) 
  fp/GEN_SOFTMAX[3].U_SM/GEN_EXP[3].exp_u/Ms/mul_183_24_g9715/CO        -       CI->CO F     FA1D1BWP30P140         1  2.0    18    31     174    (-,-) 
  fp/GEN_SOFTMAX[3].U_SM/GEN_EXP[3].exp_u/Ms/mul_183_24_g9690/CO        -       CI->CO F     FA1D1BWP30P140         1  2.0    18    32     207    (-,-) 
  fp/GEN_SOFTMAX[3].U_SM/GEN_EXP[3].exp_u/Ms/mul_183_24_g9665/CO        -       CI->CO F     FA1D1BWP30P140         1  2.0    18    32     239    (-,-) 
  fp/GEN_SOFTMAX[3].U_SM/GEN_EXP[3].exp_u/Ms/mul_183_24_g9640/CO        -       CI->CO F     FA1D1BWP30P140         1  2.0    17    32     271    (-,-) 
  fp/GEN_SOFTMAX[3].U_SM/GEN_EXP[3].exp_u/Ms/mul_183_24_g9615/CO        -       CI->CO F     FA1D1BWP30P140         1  2.0    16    32     303    (-,-) 
  fp/GEN_SOFTMAX[3].U_SM/GEN_EXP[3].exp_u/Ms/mul_183_24_g9597/CO        -       CI->CO F     FA1D1BWP30P140         1  2.0    16    32     334    (-,-) 
  fp/GEN_SOFTMAX[3].U_SM/GEN_EXP[3].exp_u/Ms/mul_183_24_g9579/CO        -       CI->CO F     FA1D1BWP30P140         1  2.0    16    32     366    (-,-) 
  fp/GEN_SOFTMAX[3].U_SM/GEN_EXP[3].exp_u/Ms/mul_183_24_g9561/CO        -       CI->CO F     FA1D1BWP30P140         1  2.0    16    32     398    (-,-) 
  fp/GEN_SOFTMAX[3].U_SM/GEN_EXP[3].exp_u/Ms/mul_183_24_g9543/CO        -       CI->CO F     FA1D1BWP30P140         1  2.0    18    32     429    (-,-) 
  fp/GEN_SOFTMAX[3].U_SM/GEN_EXP[3].exp_u/Ms/mul_183_24_g9526/CO        -       CI->CO F     FA1D1BWP30P140         1  2.0    17    32     461    (-,-) 
  fp/GEN_SOFTMAX[3].U_SM/GEN_EXP[3].exp_u/Ms/mul_183_24_g9508/CO        -       CI->CO F     FA1D1BWP30P140         1  2.0    16    32     493    (-,-) 
  fp/GEN_SOFTMAX[3].U_SM/GEN_EXP[3].exp_u/Ms/mul_183_24_g9491/CO        -       CI->CO F     FA1D1BWP30P140         1  2.0    16    32     525    (-,-) 
  fp/GEN_SOFTMAX[3].U_SM/GEN_EXP[3].exp_u/Ms/mul_183_24_g9473/CO        -       CI->CO F     FA1D1BWP30P140         1  2.0    16    32     556    (-,-) 
  fp/GEN_SOFTMAX[3].U_SM/GEN_EXP[3].exp_u/Ms/mul_183_24_g9456/CO        -       CI->CO F     FA1D1BWP30P140         1  2.0    16    32     588    (-,-) 
  fp/GEN_SOFTMAX[3].U_SM/GEN_EXP[3].exp_u/Ms/mul_183_24_g9439/CO        -       CI->CO F     FA1D1BWP30P140         1  2.0    16    32     619    (-,-) 
  fp/GEN_SOFTMAX[3].U_SM/GEN_EXP[3].exp_u/Ms/mul_183_24_g9421/CO        -       CI->CO F     FA1D1BWP30P140         1  2.0    16    32     651    (-,-) 
  fp/GEN_SOFTMAX[3].U_SM/GEN_EXP[3].exp_u/Ms/mul_183_24_g9404/CO        -       CI->CO F     FA1D1BWP30P140         1  2.0    16    32     682    (-,-) 
  fp/GEN_SOFTMAX[3].U_SM/GEN_EXP[3].exp_u/Ms/mul_183_24_g9386/CO        -       CI->CO F     FA1D1BWP30P140         1  2.0    16    32     714    (-,-) 
  fp/GEN_SOFTMAX[3].U_SM/GEN_EXP[3].exp_u/Ms/mul_183_24_g9369/CO        -       CI->CO F     FA1D1BWP30P140         1  2.0    16    32     745    (-,-) 
  fp/GEN_SOFTMAX[3].U_SM/GEN_EXP[3].exp_u/Ms/mul_183_24_g9352/CO        -       CI->CO F     FA1D1BWP30P140         1  2.0    16    32     777    (-,-) 
  fp/GEN_SOFTMAX[3].U_SM/GEN_EXP[3].exp_u/Ms/mul_183_24_g9334/CO        -       CI->CO F     FA1D1BWP30P140         1  2.0    18    32     808    (-,-) 
  fp/GEN_SOFTMAX[3].U_SM/GEN_EXP[3].exp_u/Ms/mul_183_24_g9317/S         -       CI->S  F     FA1D1BWP30P140         8  8.5    41    64     872    (-,-) 
  fp/GEN_SOFTMAX[3].U_SM/GEN_EXP[3].exp_u/Ms/mul_183_24_g9302/ZN        -       A1->ZN R     AOI221D1BWP30P140      1  1.9    53    33     905    (-,-) 
  fp/GEN_SOFTMAX[3].U_SM/GEN_EXP[3].exp_u/Ms/mul_183_24_g9289/ZN        -       A1->ZN R     XNR2UD1BWP30P140       1  2.1    41    28     933    (-,-) 
  fp/GEN_SOFTMAX[3].U_SM/GEN_EXP[3].exp_u/Ms/mul_183_24_cdnfadd_023_5/S -       CI->S  F     FA1D1BWP30P140         1  2.6    20    56     990    (-,-) 
  fp/GEN_SOFTMAX[3].U_SM/GEN_EXP[3].exp_u/Ms/mul_183_24_g9248/CO        -       B->CO  F     FA1D1BWP30P140         1  2.0    15    38    1027    (-,-) 
  fp/GEN_SOFTMAX[3].U_SM/GEN_EXP[3].exp_u/Ms/mul_183_24_g9247/CO        -       CI->CO F     FA1D1BWP30P140         1  2.0    15    31    1058    (-,-) 
  fp/GEN_SOFTMAX[3].U_SM/GEN_EXP[3].exp_u/Ms/mul_183_24_g9246/CO        -       CI->CO F     FA1D1BWP30P140         1  2.0    15    31    1090    (-,-) 
  fp/GEN_SOFTMAX[3].U_SM/GEN_EXP[3].exp_u/Ms/mul_183_24_g9245/CO        -       CI->CO F     FA1D1BWP30P140         1  2.0    15    31    1121    (-,-) 
  fp/GEN_SOFTMAX[3].U_SM/GEN_EXP[3].exp_u/Ms/mul_183_24_g9244/CO        -       CI->CO F     FA1D1BWP30P140         1  2.0    15    31    1152    (-,-) 
  fp/GEN_SOFTMAX[3].U_SM/GEN_EXP[3].exp_u/Ms/mul_183_24_g9243/CO        -       CI->CO F     FA1D1BWP30P140         1  2.0    15    31    1183    (-,-) 
  fp/GEN_SOFTMAX[3].U_SM/GEN_EXP[3].exp_u/Ms/mul_183_24_g9242/CO        -       CI->CO F     FA1D1BWP30P140         1  2.0    15    31    1214    (-,-) 
  fp/GEN_SOFTMAX[3].U_SM/GEN_EXP[3].exp_u/Ms/mul_183_24_g9241/CO        -       CI->CO F     FA1D1BWP30P140         1  2.0    15    31    1246    (-,-) 
  fp/GEN_SOFTMAX[3].U_SM/GEN_EXP[3].exp_u/Ms/mul_183_24_g9240/CO        -       CI->CO F     FA1D1BWP30P140         1  2.0    15    31    1277    (-,-) 
  fp/GEN_SOFTMAX[3].U_SM/GEN_EXP[3].exp_u/Ms/mul_183_24_g9239/CO        -       CI->CO F     FA1D1BWP30P140         1  2.0    15    31    1308    (-,-) 
  fp/GEN_SOFTMAX[3].U_SM/GEN_EXP[3].exp_u/Ms/mul_183_24_g9238/CO        -       CI->CO F     FA1D1BWP30P140         1  2.0    15    31    1339    (-,-) 
  fp/GEN_SOFTMAX[3].U_SM/GEN_EXP[3].exp_u/Ms/mul_183_24_g9237/CO        -       CI->CO F     FA1D1BWP30P140         1  2.0    15    31    1370    (-,-) 
  fp/GEN_SOFTMAX[3].U_SM/GEN_EXP[3].exp_u/Ms/mul_183_24_g9236/CO        -       CI->CO F     FA1D1BWP30P140         1  2.0    15    31    1402    (-,-) 
  fp/GEN_SOFTMAX[3].U_SM/GEN_EXP[3].exp_u/Ms/mul_183_24_g9235/CO        -       CI->CO F     FA1D1BWP30P140         1  2.0    15    31    1433    (-,-) 
  fp/GEN_SOFTMAX[3].U_SM/GEN_EXP[3].exp_u/Ms/mul_183_24_g9234/CO        -       CI->CO F     FA1D1BWP30P140         1  2.0    15    31    1464    (-,-) 
  fp/GEN_SOFTMAX[3].U_SM/GEN_EXP[3].exp_u/Ms/mul_183_24_g9233/CO        -       CI->CO F     FA1D1BWP30P140         1  2.0    15    31    1495    (-,-) 
  fp/GEN_SOFTMAX[3].U_SM/GEN_EXP[3].exp_u/Ms/mul_183_24_g9232/CO        -       CI->CO F     FA1D1BWP30P140         1  2.0    15    31    1526    (-,-) 
  fp/GEN_SOFTMAX[3].U_SM/GEN_EXP[3].exp_u/Ms/mul_183_24_g9231/CO        -       CI->CO F     FA1D1BWP30P140         1  2.0    15    31    1558    (-,-) 
  fp/GEN_SOFTMAX[3].U_SM/GEN_EXP[3].exp_u/Ms/mul_183_24_g9230/CO        -       CI->CO F     FA1D1BWP30P140         1  2.0    15    31    1589    (-,-) 
  fp/GEN_SOFTMAX[3].U_SM/GEN_EXP[3].exp_u/Ms/mul_183_24_g9229/CO        -       CI->CO F     FA1D1BWP30P140         1  2.0    15    31    1620    (-,-) 
  fp/GEN_SOFTMAX[3].U_SM/GEN_EXP[3].exp_u/Ms/mul_183_24_g9228/CO        -       CI->CO F     FA1D1BWP30P140         1  2.0    15    31    1651    (-,-) 
  fp/GEN_SOFTMAX[3].U_SM/GEN_EXP[3].exp_u/Ms/mul_183_24_g9227/CO        -       CI->CO F     FA1D1BWP30P140         1  2.0    15    31    1682    (-,-) 
  fp/GEN_SOFTMAX[3].U_SM/GEN_EXP[3].exp_u/Ms/mul_183_24_g9226/CO        -       CI->CO F     FA1D1BWP30P140         1  2.0    15    31    1714    (-,-) 
  fp/GEN_SOFTMAX[3].U_SM/GEN_EXP[3].exp_u/Ms/mul_183_24_g9225/S         -       CI->S  R     FA1D1BWP30P140         1  1.3    16    51    1765    (-,-) 
  fp/GEN_SOFTMAX[3].U_SM/GEN_EXP[3].exp_u/Ms/product_reg[48]/D          <<<     -      R     DFQD2BWP30P140         1    -     -     0    1765    (-,-) 
#-------------------------------------------------------------------------------------------------------------------------------------------------------

