============================================================
  Generated by:           Genus(TM) Synthesis Solution 21.15-s080_1
  Generated on:           Dec 07 2025  05:48:46 pm
  Module:                 Q_Projection
  Operating conditions:   tt0p9v25c 
  Interconnect mode:      global
  Area mode:              physical library
============================================================

               Instance                                     Module                        Cell Count  Cell Area  Net Area   Total Area 
---------------------------------------------------------------------------------------------------------------------------------------
Q_Projection                                                                                   11126  13084.974  5073.145    18158.119 
  SYS_ARRAY                           Black_Box_N4_DATA_WIDTH8_ACC_WIDTH32_DEPTH7_COUNT7        5169   7703.514  2071.509     9775.023 
    cut                               counter_count7                                              14     16.758     3.887       20.645 
    cut1                              cap_count11                                                 18     21.546     4.269       25.815 
    dut                               SystolicArray_N4_DATA_WIDTH8_ACC_WIDTH32                  3844   5329.674  1578.993     6908.667 
      row_loop[0].col_loop[0].pe_inst PE_DATA_WIDTH8_ACC_WIDTH32                                 244    341.838    86.089      427.927 
      row_loop[0].col_loop[1].pe_inst PE_DATA_WIDTH8_ACC_WIDTH32_588                             244    341.838    86.089      427.927 
      row_loop[0].col_loop[2].pe_inst PE_DATA_WIDTH8_ACC_WIDTH32_587                             244    341.838    86.089      427.927 
      row_loop[0].col_loop[3].pe_inst PE_DATA_WIDTH8_ACC_WIDTH32_586                             236    323.694    86.089      409.783 
      row_loop[1].col_loop[0].pe_inst PE_DATA_WIDTH8_ACC_WIDTH32_585                             244    341.838    86.089      427.927 
      row_loop[1].col_loop[1].pe_inst PE_DATA_WIDTH8_ACC_WIDTH32_584                             244    341.838    86.089      427.927 
      row_loop[1].col_loop[2].pe_inst PE_DATA_WIDTH8_ACC_WIDTH32_583                             244    341.838    86.089      427.927 
      row_loop[1].col_loop[3].pe_inst PE_DATA_WIDTH8_ACC_WIDTH32_582                             236    323.694    86.089      409.783 
      row_loop[2].col_loop[0].pe_inst PE_DATA_WIDTH8_ACC_WIDTH32_581                             244    341.838    86.089      427.927 
      row_loop[2].col_loop[1].pe_inst PE_DATA_WIDTH8_ACC_WIDTH32_580                             244    341.838    86.089      427.927 
      row_loop[2].col_loop[2].pe_inst PE_DATA_WIDTH8_ACC_WIDTH32_579                             244    341.838    86.089      427.927 
      row_loop[2].col_loop[3].pe_inst PE_DATA_WIDTH8_ACC_WIDTH32_578                             236    323.694    86.089      409.783 
      row_loop[3].col_loop[0].pe_inst PE_DATA_WIDTH8_ACC_WIDTH32_577                             236    323.694    86.089      409.783 
      row_loop[3].col_loop[1].pe_inst PE_DATA_WIDTH8_ACC_WIDTH32_576                             236    323.694    86.089      409.783 
      row_loop[3].col_loop[2].pe_inst PE_DATA_WIDTH8_ACC_WIDTH32_575                             236    323.694    86.089      409.783 
      row_loop[3].col_loop[3].pe_inst PE_DATA_WIDTH8_ACC_WIDTH32_574                             228    305.550    86.089      391.639 
    fut1                              fifo_in1_DATA_WIDTH8_DEPTH7                                 92    117.306    28.065      145.371 
    fut2                              fifo_in1_DATA_WIDTH8_DEPTH7_589                             92    117.306    28.065      145.371 
    fut3                              fifo_in2_DATA_WIDTH8_DEPTH7                                 92    119.070    28.310      147.380 
    fut4                              fifo_in2_DATA_WIDTH8_DEPTH7_590                             92    119.070    28.310      147.380 
    fut5                              fifo_in3_DATA_WIDTH8_DEPTH7                                 93    118.440    28.310      146.750 
    fut6                              fifo_in3_DATA_WIDTH8_DEPTH7_591                             93    118.440    28.310      146.750 
    fut7                              fifo_in4_DATA_WIDTH8_DEPTH7                                110    128.520    34.694      163.214 
    fut8                              fifo_in4_DATA_WIDTH8_DEPTH7_592                            110    128.520    34.694      163.214 
    out1                              outputfifo                                                 514   1360.926     0.000     1360.926 
  genblk1[0].i_to_f                   int32_to_fp32_scaled_FRAC_OUT14                            301    219.240   123.493      342.733 
  genblk1[1].i_to_f                   int32_to_fp32_scaled_FRAC_OUT14_607                        301    219.240   123.493      342.733 
  genblk1[2].i_to_f                   int32_to_fp32_scaled_FRAC_OUT14_606                        301    219.240   123.493      342.733 
  genblk1[3].i_to_f                   int32_to_fp32_scaled_FRAC_OUT14_605                        301    219.240   123.493      342.733 
  genblk1[4].i_to_f                   int32_to_fp32_scaled_FRAC_OUT14_604                        301    219.240   123.493      342.733 
  genblk1[5].i_to_f                   int32_to_fp32_scaled_FRAC_OUT14_603                        301    219.240   123.493      342.733 
  genblk1[6].i_to_f                   int32_to_fp32_scaled_FRAC_OUT14_602                        301    219.240   123.493      342.733 
  genblk1[7].i_to_f                   int32_to_fp32_scaled_FRAC_OUT14_601                        301    219.240   123.493      342.733 
  genblk1[8].i_to_f                   int32_to_fp32_scaled_FRAC_OUT14_600                        301    219.240   123.493      342.733 
  genblk1[9].i_to_f                   int32_to_fp32_scaled_FRAC_OUT14_599                        301    219.240   123.493      342.733 
  genblk1[10].i_to_f                  int32_to_fp32_scaled_FRAC_OUT14_598                        301    219.240   123.493      342.733 
  genblk1[11].i_to_f                  int32_to_fp32_scaled_FRAC_OUT14_597                        301    219.240   123.493      342.733 
  genblk1[12].i_to_f                  int32_to_fp32_scaled_FRAC_OUT14_596                        301    219.240   123.493      342.733 
  genblk1[13].i_to_f                  int32_to_fp32_scaled_FRAC_OUT14_595                        301    219.240   123.493      342.733 
  genblk1[14].i_to_f                  int32_to_fp32_scaled_FRAC_OUT14_594                        301    219.240   123.493      342.733 
  genblk1[15].i_to_f                  int32_to_fp32_scaled_FRAC_OUT14_593                        301    219.240   123.493      342.733 
