============================================================
  Generated by:           Genus(TM) Synthesis Solution 21.15-s080_1
  Generated on:           Dec 06 2025  07:40:59 pm
  Module:                 Q_Projection
  Operating conditions:   tt0p9v25c 
  Interconnect mode:      global
  Area mode:              physical library
============================================================


Path 1: MET (8762 ps) Setup Check with Pin SYS_ARRAY/dut/row_loop[2].col_loop[3].pe_inst/local_sum_reg[30]/CP->D
          Group: clk
     Startpoint: (R) SYS_ARRAY/dut/row_loop[1].col_loop[3].pe_inst/out_b_reg[1]/CP
          Clock: (R) clk
       Endpoint: (R) SYS_ARRAY/dut/row_loop[2].col_loop[3].pe_inst/local_sum_reg[30]/D
          Clock: (R) clk

                     Capture       Launch     
        Clock Edge:+   10000            0     
       Src Latency:+       0            0     
       Net Latency:+       0 (I)        0 (I) 
           Arrival:=   10000            0     
                                              
             Setup:-      17                  
       Uncertainty:-      30                  
     Required Time:=    9953                  
      Launch Clock:-       0                  
         Data Path:-    1190                  
             Slack:=    8762                  

#------------------------------------------------------------------------------------------------------------------------------------------------------------------------
#                                      Timing Point                                       Flags    Arc   Edge       Cell        Fanout Load Trans Delay Arrival Instance 
#                                                                                                                                      (fF)  (ps)  (ps)   (ps)  Location 
#------------------------------------------------------------------------------------------------------------------------------------------------------------------------
  SYS_ARRAY/dut/row_loop[1].col_loop[3].pe_inst/out_b_reg[1]/CP                           -       -      R     (arrival)           739    -     0     0       0    (-,-) 
  SYS_ARRAY/dut/row_loop[1].col_loop[3].pe_inst/out_b_reg[1]/Q                            -       CP->Q  R     DFCNQD1BWP30P140     10 13.7    58    70      70    (-,-) 
  SYS_ARRAY/dut/row_loop[2].col_loop[3].pe_inst/csa_tree_ADD_TC_OP_groupi_g2285/ZN        -       I->ZN  F     CKND1BWP30P140        3  3.6    29    25      96    (-,-) 
  SYS_ARRAY/dut/row_loop[2].col_loop[3].pe_inst/csa_tree_ADD_TC_OP_groupi_g2212/ZN        -       A1->ZN R     NR2D1BWP30P140        8  7.0    55    42     138    (-,-) 
  SYS_ARRAY/dut/row_loop[2].col_loop[3].pe_inst/csa_tree_ADD_TC_OP_groupi_g2187/Z         -       A1->Z  R     AO22D0BWP30P140       1  2.5    25    39     177    (-,-) 
  SYS_ARRAY/dut/row_loop[2].col_loop[3].pe_inst/csa_tree_ADD_TC_OP_groupi_g2172/CO        -       B->CO  R     HA1D1BWP30P140        1  2.1    13    24     201    (-,-) 
  SYS_ARRAY/dut/row_loop[2].col_loop[3].pe_inst/csa_tree_ADD_TC_OP_groupi_cdnfadd_002_0/S -       CI->S  F     FA1D1BWP30P140        1  2.7    20    51     251    (-,-) 
  SYS_ARRAY/dut/row_loop[2].col_loop[3].pe_inst/csa_tree_ADD_TC_OP_groupi_g2164/CO        -       A->CO  F     FA1D1BWP30P140        1  2.6    17    40     291    (-,-) 
  SYS_ARRAY/dut/row_loop[2].col_loop[3].pe_inst/csa_tree_ADD_TC_OP_groupi_g2163/CO        -       B->CO  F     FA1D1BWP30P140        1  2.0    15    37     328    (-,-) 
  SYS_ARRAY/dut/row_loop[2].col_loop[3].pe_inst/csa_tree_ADD_TC_OP_groupi_g2162/CO        -       CI->CO F     FA1D1BWP30P140        1  2.0    15    31     359    (-,-) 
  SYS_ARRAY/dut/row_loop[2].col_loop[3].pe_inst/csa_tree_ADD_TC_OP_groupi_g2161/CO        -       CI->CO F     FA1D1BWP30P140        1  2.0    15    31     390    (-,-) 
  SYS_ARRAY/dut/row_loop[2].col_loop[3].pe_inst/csa_tree_ADD_TC_OP_groupi_g2160/CO        -       CI->CO F     FA1D1BWP30P140        1  2.0    15    31     421    (-,-) 
  SYS_ARRAY/dut/row_loop[2].col_loop[3].pe_inst/csa_tree_ADD_TC_OP_groupi_g2159/CO        -       CI->CO F     FA1D1BWP30P140        1  2.0    15    31     453    (-,-) 
  SYS_ARRAY/dut/row_loop[2].col_loop[3].pe_inst/csa_tree_ADD_TC_OP_groupi_g2158/CO        -       CI->CO F     FA1D1BWP30P140        1  2.0    15    31     484    (-,-) 
  SYS_ARRAY/dut/row_loop[2].col_loop[3].pe_inst/csa_tree_ADD_TC_OP_groupi_g2157/CO        -       CI->CO F     FA1D1BWP30P140        1  2.0    15    31     515    (-,-) 
  SYS_ARRAY/dut/row_loop[2].col_loop[3].pe_inst/csa_tree_ADD_TC_OP_groupi_g2156/CO        -       CI->CO F     FA1D1BWP30P140        1  2.0    15    31     546    (-,-) 
  SYS_ARRAY/dut/row_loop[2].col_loop[3].pe_inst/csa_tree_ADD_TC_OP_groupi_g2155/CO        -       CI->CO F     FA1D1BWP30P140        1  2.0    15    31     577    (-,-) 
  SYS_ARRAY/dut/row_loop[2].col_loop[3].pe_inst/csa_tree_ADD_TC_OP_groupi_g2154/CO        -       CI->CO F     FA1D1BWP30P140        1  2.0    15    31     609    (-,-) 
  SYS_ARRAY/dut/row_loop[2].col_loop[3].pe_inst/csa_tree_ADD_TC_OP_groupi_g2153/CO        -       CI->CO F     FA1D1BWP30P140        1  2.0    15    31     640    (-,-) 
  SYS_ARRAY/dut/row_loop[2].col_loop[3].pe_inst/csa_tree_ADD_TC_OP_groupi_g2152/CO        -       CI->CO F     FA1D1BWP30P140        1  2.0    15    31     671    (-,-) 
  SYS_ARRAY/dut/row_loop[2].col_loop[3].pe_inst/csa_tree_ADD_TC_OP_groupi_g2151/CO        -       CI->CO F     FA1D1BWP30P140        1  2.0    15    31     702    (-,-) 
  SYS_ARRAY/dut/row_loop[2].col_loop[3].pe_inst/csa_tree_ADD_TC_OP_groupi_g2150/CO        -       CI->CO F     FA1D1BWP30P140        1  2.0    15    31     733    (-,-) 
  SYS_ARRAY/dut/row_loop[2].col_loop[3].pe_inst/csa_tree_ADD_TC_OP_groupi_g2149/CO        -       CI->CO F     FA1D1BWP30P140        1  2.0    15    31     765    (-,-) 
  SYS_ARRAY/dut/row_loop[2].col_loop[3].pe_inst/csa_tree_ADD_TC_OP_groupi_g2148/CO        -       CI->CO F     FA1D1BWP30P140        1  2.0    15    31     796    (-,-) 
  SYS_ARRAY/dut/row_loop[2].col_loop[3].pe_inst/csa_tree_ADD_TC_OP_groupi_g2147/CO        -       CI->CO F     FA1D1BWP30P140        1  2.0    15    31     827    (-,-) 
  SYS_ARRAY/dut/row_loop[2].col_loop[3].pe_inst/csa_tree_ADD_TC_OP_groupi_g2146/CO        -       CI->CO F     FA1D1BWP30P140        1  2.0    15    31     858    (-,-) 
  SYS_ARRAY/dut/row_loop[2].col_loop[3].pe_inst/csa_tree_ADD_TC_OP_groupi_g2145/CO        -       CI->CO F     FA1D1BWP30P140        1  2.0    15    31     889    (-,-) 
  SYS_ARRAY/dut/row_loop[2].col_loop[3].pe_inst/csa_tree_ADD_TC_OP_groupi_g2144/CO        -       CI->CO F     FA1D1BWP30P140        1  2.0    15    31     921    (-,-) 
  SYS_ARRAY/dut/row_loop[2].col_loop[3].pe_inst/csa_tree_ADD_TC_OP_groupi_g2143/CO        -       CI->CO F     FA1D1BWP30P140        1  2.0    15    31     952    (-,-) 
  SYS_ARRAY/dut/row_loop[2].col_loop[3].pe_inst/csa_tree_ADD_TC_OP_groupi_g2142/CO        -       CI->CO F     FA1D1BWP30P140        1  2.0    15    31     983    (-,-) 
  SYS_ARRAY/dut/row_loop[2].col_loop[3].pe_inst/csa_tree_ADD_TC_OP_groupi_g2141/CO        -       CI->CO F     FA1D1BWP30P140        1  2.0    15    31    1014    (-,-) 
  SYS_ARRAY/dut/row_loop[2].col_loop[3].pe_inst/csa_tree_ADD_TC_OP_groupi_g2140/CO        -       CI->CO F     FA1D1BWP30P140        1  2.0    15    31    1045    (-,-) 
  SYS_ARRAY/dut/row_loop[2].col_loop[3].pe_inst/csa_tree_ADD_TC_OP_groupi_g2139/CO        -       CI->CO F     FA1D1BWP30P140        1  2.0    15    31    1077    (-,-) 
  SYS_ARRAY/dut/row_loop[2].col_loop[3].pe_inst/csa_tree_ADD_TC_OP_groupi_g2138/CO        -       CI->CO F     FA1D1BWP30P140        1  2.0    15    31    1108    (-,-) 
  SYS_ARRAY/dut/row_loop[2].col_loop[3].pe_inst/csa_tree_ADD_TC_OP_groupi_g2137/CO        -       CI->CO F     FA1D1BWP30P140        1  2.0    15    31    1139    (-,-) 
  SYS_ARRAY/dut/row_loop[2].col_loop[3].pe_inst/csa_tree_ADD_TC_OP_groupi_g2136/S         -       CI->S  R     FA1D1BWP30P140        1  1.3    16    51    1190    (-,-) 
  SYS_ARRAY/dut/row_loop[2].col_loop[3].pe_inst/local_sum_reg[30]/D                       <<<     -      R     DFCND1BWP30P140       1    -     -     0    1190    (-,-) 
#------------------------------------------------------------------------------------------------------------------------------------------------------------------------

